2025-04-15 01:56:49,415:WARNING:
'cuml' is a soft dependency and not included in the pycaret installation. Please run: `pip install cuml` to install.
2025-04-15 01:56:49,415:WARNING:
'cuml' is a soft dependency and not included in the pycaret installation. Please run: `pip install cuml` to install.
2025-04-15 01:56:49,415:WARNING:
'cuml' is a soft dependency and not included in the pycaret installation. Please run: `pip install cuml` to install.
2025-04-15 01:56:49,416:WARNING:
'cuml' is a soft dependency and not included in the pycaret installation. Please run: `pip install cuml` to install.
2025-04-15 01:56:49,581:INFO:PyCaret RegressionExperiment
2025-04-15 01:56:49,582:INFO:Logging name: reg-default-name
2025-04-15 01:56:49,582:INFO:ML Usecase: MLUsecase.REGRESSION
2025-04-15 01:56:49,582:INFO:version 3.3.2
2025-04-15 01:56:49,582:INFO:Initializing setup()
2025-04-15 01:56:49,582:INFO:self.USI: 0824
2025-04-15 01:56:49,582:INFO:self._variable_keys: {'exp_name_log', '_available_plots', 'fold_generator', 'y_test', 'data', 'exp_id', 'memory', 'log_plots_param', 'seed', 'pipeline', 'fold_shuffle_param', 'X_train', 'transform_target_param', 'y_train', 'n_jobs_param', 'X_test', 'html_param', '_ml_usecase', 'gpu_n_jobs_param', 'logging_param', 'target_param', 'USI', 'X', 'fold_groups_param', 'y', 'idx', 'gpu_param'}
2025-04-15 01:56:49,582:INFO:Checking environment
2025-04-15 01:56:49,582:INFO:python_version: 3.9.13
2025-04-15 01:56:49,582:INFO:python_build: ('tags/v3.9.13:6de2ca5', 'May 17 2022 16:36:42')
2025-04-15 01:56:49,582:INFO:machine: AMD64
2025-04-15 01:56:49,659:INFO:platform: Windows-10-10.0.26100-SP0
2025-04-15 01:56:49,667:INFO:Memory: svmem(total=16844550144, available=5249748992, percent=68.8, used=11594801152, free=5249748992)
2025-04-15 01:56:49,667:INFO:Physical Core: 4
2025-04-15 01:56:49,667:INFO:Logical Core: 8
2025-04-15 01:56:49,667:INFO:Checking libraries
2025-04-15 01:56:49,667:INFO:System:
2025-04-15 01:56:49,667:INFO:    python: 3.9.13 (tags/v3.9.13:6de2ca5, May 17 2022, 16:36:42) [MSC v.1929 64 bit (AMD64)]
2025-04-15 01:56:49,667:INFO:executable: C:\Users\ADMIN\AppData\Local\Programs\Python\Python39\python.exe
2025-04-15 01:56:49,667:INFO:   machine: Windows-10-10.0.26100-SP0
2025-04-15 01:56:49,668:INFO:PyCaret required dependencies:
2025-04-15 01:56:49,703:INFO:                 pip: 22.0.4
2025-04-15 01:56:49,703:INFO:          setuptools: 58.1.0
2025-04-15 01:56:49,703:INFO:             pycaret: 3.3.2
2025-04-15 01:56:49,703:INFO:             IPython: 8.18.1
2025-04-15 01:56:49,703:INFO:          ipywidgets: 8.1.6
2025-04-15 01:56:49,703:INFO:                tqdm: 4.67.1
2025-04-15 01:56:49,703:INFO:               numpy: 1.26.4
2025-04-15 01:56:49,703:INFO:              pandas: 2.1.4
2025-04-15 01:56:49,703:INFO:              jinja2: 3.1.6
2025-04-15 01:56:49,703:INFO:               scipy: 1.11.4
2025-04-15 01:56:49,703:INFO:              joblib: 1.3.2
2025-04-15 01:56:49,703:INFO:             sklearn: 1.4.2
2025-04-15 01:56:49,703:INFO:                pyod: 2.0.4
2025-04-15 01:56:49,703:INFO:            imblearn: 0.12.4
2025-04-15 01:56:49,703:INFO:   category_encoders: 2.6.4
2025-04-15 01:56:49,703:INFO:            lightgbm: 4.6.0
2025-04-15 01:56:49,703:INFO:               numba: 0.60.0
2025-04-15 01:56:49,703:INFO:            requests: 2.32.3
2025-04-15 01:56:49,703:INFO:          matplotlib: 3.7.5
2025-04-15 01:56:49,703:INFO:          scikitplot: 0.3.7
2025-04-15 01:56:49,703:INFO:         yellowbrick: 1.5
2025-04-15 01:56:49,704:INFO:              plotly: 5.24.1
2025-04-15 01:56:49,704:INFO:    plotly-resampler: Not installed
2025-04-15 01:56:49,704:INFO:             kaleido: 0.2.1
2025-04-15 01:56:49,704:INFO:           schemdraw: 0.15
2025-04-15 01:56:49,704:INFO:         statsmodels: 0.14.4
2025-04-15 01:56:49,704:INFO:              sktime: 0.26.0
2025-04-15 01:56:49,704:INFO:               tbats: 1.1.3
2025-04-15 01:56:49,704:INFO:            pmdarima: 2.0.4
2025-04-15 01:56:49,704:INFO:              psutil: 7.0.0
2025-04-15 01:56:49,704:INFO:          markupsafe: 3.0.2
2025-04-15 01:56:49,704:INFO:             pickle5: Not installed
2025-04-15 01:56:49,704:INFO:         cloudpickle: 3.1.1
2025-04-15 01:56:49,704:INFO:         deprecation: 2.1.0
2025-04-15 01:56:49,704:INFO:              xxhash: 3.5.0
2025-04-15 01:56:49,704:INFO:           wurlitzer: Not installed
2025-04-15 01:56:49,704:INFO:PyCaret optional dependencies:
2025-04-15 01:56:49,718:INFO:                shap: Not installed
2025-04-15 01:56:49,718:INFO:           interpret: Not installed
2025-04-15 01:56:49,718:INFO:                umap: Not installed
2025-04-15 01:56:49,718:INFO:     ydata_profiling: Not installed
2025-04-15 01:56:49,718:INFO:  explainerdashboard: Not installed
2025-04-15 01:56:49,718:INFO:             autoviz: Not installed
2025-04-15 01:56:49,718:INFO:           fairlearn: Not installed
2025-04-15 01:56:49,718:INFO:          deepchecks: Not installed
2025-04-15 01:56:49,718:INFO:             xgboost: Not installed
2025-04-15 01:56:49,718:INFO:            catboost: Not installed
2025-04-15 01:56:49,718:INFO:              kmodes: Not installed
2025-04-15 01:56:49,718:INFO:             mlxtend: Not installed
2025-04-15 01:56:49,718:INFO:       statsforecast: Not installed
2025-04-15 01:56:49,718:INFO:        tune_sklearn: Not installed
2025-04-15 01:56:49,718:INFO:                 ray: Not installed
2025-04-15 01:56:49,718:INFO:            hyperopt: Not installed
2025-04-15 01:56:49,718:INFO:              optuna: Not installed
2025-04-15 01:56:49,718:INFO:               skopt: Not installed
2025-04-15 01:56:49,718:INFO:              mlflow: Not installed
2025-04-15 01:56:49,718:INFO:              gradio: Not installed
2025-04-15 01:56:49,718:INFO:             fastapi: Not installed
2025-04-15 01:56:49,718:INFO:             uvicorn: Not installed
2025-04-15 01:56:49,719:INFO:              m2cgen: Not installed
2025-04-15 01:56:49,719:INFO:           evidently: Not installed
2025-04-15 01:56:49,719:INFO:               fugue: Not installed
2025-04-15 01:56:49,719:INFO:           streamlit: Not installed
2025-04-15 01:56:49,719:INFO:             prophet: Not installed
2025-04-15 01:56:49,719:INFO:None
2025-04-15 01:56:49,719:INFO:Set up data.
2025-04-15 01:56:49,735:INFO:Set up folding strategy.
2025-04-15 01:56:49,735:INFO:Set up train/test split.
2025-04-15 01:56:49,740:INFO:Set up index.
2025-04-15 01:56:49,741:INFO:Assigning column types.
2025-04-15 01:56:49,744:INFO:Engine successfully changes for model 'lr' to 'sklearn'.
2025-04-15 01:56:49,745:INFO:Engine for model 'lasso' has not been set explicitly, hence returning None.
2025-04-15 01:56:49,754:INFO:Engine for model 'ridge' has not been set explicitly, hence returning None.
2025-04-15 01:56:49,762:INFO:Engine for model 'en' has not been set explicitly, hence returning None.
2025-04-15 01:56:49,821:INFO:Engine for model 'svm' has not been set explicitly, hence returning None.
2025-04-15 01:56:49,869:INFO:Engine for model 'knn' has not been set explicitly, hence returning None.
2025-04-15 01:56:49,869:WARNING:
'xgboost' is a soft dependency and not included in the pycaret installation. Please run: `pip install xgboost` to install.
Alternately, you can install this by running `pip install pycaret[models]`
2025-04-15 01:56:49,870:WARNING:
'catboost' is a soft dependency and not included in the pycaret installation. Please run: `pip install catboost` to install.
Alternately, you can install this by running `pip install pycaret[models]`
2025-04-15 01:56:49,870:INFO:Engine for model 'lasso' has not been set explicitly, hence returning None.
2025-04-15 01:56:49,875:INFO:Engine for model 'ridge' has not been set explicitly, hence returning None.
2025-04-15 01:56:49,880:INFO:Engine for model 'en' has not been set explicitly, hence returning None.
2025-04-15 01:56:49,942:INFO:Engine for model 'svm' has not been set explicitly, hence returning None.
2025-04-15 01:56:49,987:INFO:Engine for model 'knn' has not been set explicitly, hence returning None.
2025-04-15 01:56:49,987:WARNING:
'xgboost' is a soft dependency and not included in the pycaret installation. Please run: `pip install xgboost` to install.
Alternately, you can install this by running `pip install pycaret[models]`
2025-04-15 01:56:49,987:WARNING:
'catboost' is a soft dependency and not included in the pycaret installation. Please run: `pip install catboost` to install.
Alternately, you can install this by running `pip install pycaret[models]`
2025-04-15 01:56:49,988:INFO:Engine successfully changes for model 'lasso' to 'sklearn'.
2025-04-15 01:56:49,992:INFO:Engine for model 'ridge' has not been set explicitly, hence returning None.
2025-04-15 01:56:49,998:INFO:Engine for model 'en' has not been set explicitly, hence returning None.
2025-04-15 01:56:50,066:INFO:Engine for model 'svm' has not been set explicitly, hence returning None.
2025-04-15 01:56:50,118:INFO:Engine for model 'knn' has not been set explicitly, hence returning None.
2025-04-15 01:56:50,119:WARNING:
'xgboost' is a soft dependency and not included in the pycaret installation. Please run: `pip install xgboost` to install.
Alternately, you can install this by running `pip install pycaret[models]`
2025-04-15 01:56:50,119:WARNING:
'catboost' is a soft dependency and not included in the pycaret installation. Please run: `pip install catboost` to install.
Alternately, you can install this by running `pip install pycaret[models]`
2025-04-15 01:56:50,124:INFO:Engine for model 'ridge' has not been set explicitly, hence returning None.
2025-04-15 01:56:50,129:INFO:Engine for model 'en' has not been set explicitly, hence returning None.
2025-04-15 01:56:50,192:INFO:Engine for model 'svm' has not been set explicitly, hence returning None.
2025-04-15 01:56:50,242:INFO:Engine for model 'knn' has not been set explicitly, hence returning None.
2025-04-15 01:56:50,243:WARNING:
'xgboost' is a soft dependency and not included in the pycaret installation. Please run: `pip install xgboost` to install.
Alternately, you can install this by running `pip install pycaret[models]`
2025-04-15 01:56:50,243:WARNING:
'catboost' is a soft dependency and not included in the pycaret installation. Please run: `pip install catboost` to install.
Alternately, you can install this by running `pip install pycaret[models]`
2025-04-15 01:56:50,243:INFO:Engine successfully changes for model 'ridge' to 'sklearn'.
2025-04-15 01:56:50,253:INFO:Engine for model 'en' has not been set explicitly, hence returning None.
2025-04-15 01:56:50,315:INFO:Engine for model 'svm' has not been set explicitly, hence returning None.
2025-04-15 01:56:50,365:INFO:Engine for model 'knn' has not been set explicitly, hence returning None.
2025-04-15 01:56:50,365:WARNING:
'xgboost' is a soft dependency and not included in the pycaret installation. Please run: `pip install xgboost` to install.
Alternately, you can install this by running `pip install pycaret[models]`
2025-04-15 01:56:50,365:WARNING:
'catboost' is a soft dependency and not included in the pycaret installation. Please run: `pip install catboost` to install.
Alternately, you can install this by running `pip install pycaret[models]`
2025-04-15 01:56:50,376:INFO:Engine for model 'en' has not been set explicitly, hence returning None.
2025-04-15 01:56:50,434:INFO:Engine for model 'svm' has not been set explicitly, hence returning None.
2025-04-15 01:56:50,483:INFO:Engine for model 'knn' has not been set explicitly, hence returning None.
2025-04-15 01:56:50,483:WARNING:
'xgboost' is a soft dependency and not included in the pycaret installation. Please run: `pip install xgboost` to install.
Alternately, you can install this by running `pip install pycaret[models]`
2025-04-15 01:56:50,484:WARNING:
'catboost' is a soft dependency and not included in the pycaret installation. Please run: `pip install catboost` to install.
Alternately, you can install this by running `pip install pycaret[models]`
2025-04-15 01:56:50,484:INFO:Engine successfully changes for model 'en' to 'sklearn'.
2025-04-15 01:56:50,554:INFO:Engine for model 'svm' has not been set explicitly, hence returning None.
2025-04-15 01:56:50,603:INFO:Engine for model 'knn' has not been set explicitly, hence returning None.
2025-04-15 01:56:50,604:WARNING:
'xgboost' is a soft dependency and not included in the pycaret installation. Please run: `pip install xgboost` to install.
Alternately, you can install this by running `pip install pycaret[models]`
2025-04-15 01:56:50,604:WARNING:
'catboost' is a soft dependency and not included in the pycaret installation. Please run: `pip install catboost` to install.
Alternately, you can install this by running `pip install pycaret[models]`
2025-04-15 01:56:50,679:INFO:Engine for model 'svm' has not been set explicitly, hence returning None.
2025-04-15 01:56:50,725:INFO:Engine for model 'knn' has not been set explicitly, hence returning None.
2025-04-15 01:56:50,726:WARNING:
'xgboost' is a soft dependency and not included in the pycaret installation. Please run: `pip install xgboost` to install.
Alternately, you can install this by running `pip install pycaret[models]`
2025-04-15 01:56:50,726:WARNING:
'catboost' is a soft dependency and not included in the pycaret installation. Please run: `pip install catboost` to install.
Alternately, you can install this by running `pip install pycaret[models]`
2025-04-15 01:56:50,726:INFO:Engine successfully changes for model 'knn' to 'sklearn'.
2025-04-15 01:56:50,795:INFO:Engine for model 'svm' has not been set explicitly, hence returning None.
2025-04-15 01:56:50,844:WARNING:
'xgboost' is a soft dependency and not included in the pycaret installation. Please run: `pip install xgboost` to install.
Alternately, you can install this by running `pip install pycaret[models]`
2025-04-15 01:56:50,844:WARNING:
'catboost' is a soft dependency and not included in the pycaret installation. Please run: `pip install catboost` to install.
Alternately, you can install this by running `pip install pycaret[models]`
2025-04-15 01:56:50,916:INFO:Engine for model 'svm' has not been set explicitly, hence returning None.
2025-04-15 01:56:50,966:WARNING:
'xgboost' is a soft dependency and not included in the pycaret installation. Please run: `pip install xgboost` to install.
Alternately, you can install this by running `pip install pycaret[models]`
2025-04-15 01:56:50,967:WARNING:
'catboost' is a soft dependency and not included in the pycaret installation. Please run: `pip install catboost` to install.
Alternately, you can install this by running `pip install pycaret[models]`
2025-04-15 01:56:50,967:INFO:Engine successfully changes for model 'svm' to 'sklearn'.
2025-04-15 01:56:51,082:WARNING:
'xgboost' is a soft dependency and not included in the pycaret installation. Please run: `pip install xgboost` to install.
Alternately, you can install this by running `pip install pycaret[models]`
2025-04-15 01:56:51,082:WARNING:
'catboost' is a soft dependency and not included in the pycaret installation. Please run: `pip install catboost` to install.
Alternately, you can install this by running `pip install pycaret[models]`
2025-04-15 01:56:51,209:WARNING:
'xgboost' is a soft dependency and not included in the pycaret installation. Please run: `pip install xgboost` to install.
Alternately, you can install this by running `pip install pycaret[models]`
2025-04-15 01:56:51,209:WARNING:
'catboost' is a soft dependency and not included in the pycaret installation. Please run: `pip install catboost` to install.
Alternately, you can install this by running `pip install pycaret[models]`
2025-04-15 01:56:51,211:INFO:Preparing preprocessing pipeline...
2025-04-15 01:56:51,211:INFO:Set up simple imputation.
2025-04-15 01:56:51,250:INFO:Finished creating preprocessing pipeline.
2025-04-15 01:56:51,254:INFO:Pipeline: Pipeline(memory=FastMemory(location=C:\Users\ADMIN\AppData\Local\Temp\joblib),
         steps=[('numerical_imputer',
                 TransformerWrapper(include=['electricity', 'car', 'meat'],
                                    transformer=SimpleImputer())),
                ('categorical_imputer',
                 TransformerWrapper(include=[],
                                    transformer=SimpleImputer(strategy='most_frequent')))])
2025-04-15 01:56:51,255:INFO:Creating final display dataframe.
2025-04-15 01:56:51,318:INFO:Setup _display_container:                     Description             Value
0                    Session id               123
1                        Target          emission
2                   Target type        Regression
3           Original data shape            (6, 4)
4        Transformed data shape            (6, 4)
5   Transformed train set shape            (4, 4)
6    Transformed test set shape            (2, 4)
7              Numeric features                 3
8                    Preprocess              True
9               Imputation type            simple
10           Numeric imputation              mean
11       Categorical imputation              mode
12               Fold Generator             KFold
13                  Fold Number                10
14                     CPU Jobs                -1
15                      Use GPU             False
16               Log Experiment             False
17              Experiment Name  reg-default-name
18                          USI              0824
2025-04-15 01:56:51,435:WARNING:
'xgboost' is a soft dependency and not included in the pycaret installation. Please run: `pip install xgboost` to install.
Alternately, you can install this by running `pip install pycaret[models]`
2025-04-15 01:56:51,436:WARNING:
'catboost' is a soft dependency and not included in the pycaret installation. Please run: `pip install catboost` to install.
Alternately, you can install this by running `pip install pycaret[models]`
2025-04-15 01:56:51,552:WARNING:
'xgboost' is a soft dependency and not included in the pycaret installation. Please run: `pip install xgboost` to install.
Alternately, you can install this by running `pip install pycaret[models]`
2025-04-15 01:56:51,552:WARNING:
'catboost' is a soft dependency and not included in the pycaret installation. Please run: `pip install catboost` to install.
Alternately, you can install this by running `pip install pycaret[models]`
2025-04-15 01:56:51,552:INFO:setup() successfully completed in 2.0s...............
2025-04-15 01:56:51,553:INFO:Initializing create_model()
2025-04-15 01:56:51,553:INFO:create_model(self=<pycaret.regression.oop.RegressionExperiment object at 0x0000014DCEC8D700>, estimator=lr, fold=2, round=4, cross_validation=True, predict=True, fit_kwargs=None, groups=None, refit=True, probability_threshold=None, experiment_custom_tags=None, verbose=True, system=True, add_to_model_list=True, metrics=None, display=None, model_only=True, return_train_score=False, error_score=0.0, kwargs={})
2025-04-15 01:56:51,553:INFO:Checking exceptions
2025-04-15 01:56:51,558:INFO:Importing libraries
2025-04-15 01:56:51,558:INFO:Copying training dataset
2025-04-15 01:56:51,561:INFO:Defining folds
2025-04-15 01:56:51,561:INFO:Declaring metric variables
2025-04-15 01:56:51,562:INFO:Importing untrained model
2025-04-15 01:56:51,562:INFO:Linear Regression Imported successfully
2025-04-15 01:56:51,562:INFO:Starting cross validation
2025-04-15 01:56:51,569:INFO:Cross validating with KFold(n_splits=2, random_state=None, shuffle=False), n_jobs=-1
2025-04-15 01:56:54,457:INFO:Calculating mean and std
2025-04-15 01:56:54,458:INFO:Creating metrics dataframe
2025-04-15 01:56:54,462:INFO:Finalizing model
2025-04-15 01:56:54,475:INFO:Uploading results into container
2025-04-15 01:56:54,477:INFO:Uploading model into container now
2025-04-15 01:56:54,496:INFO:_master_model_container: 1
2025-04-15 01:56:54,496:INFO:_display_container: 2
2025-04-15 01:56:54,496:INFO:LinearRegression(n_jobs=-1)
2025-04-15 01:56:54,496:INFO:create_model() successfully completed......................................
2025-04-15 01:56:54,587:INFO:Initializing save_model()
2025-04-15 01:56:54,587:INFO:save_model(model=LinearRegression(n_jobs=-1), model_name=C:\code green\model\carbon_model, prep_pipe_=Pipeline(memory=FastMemory(location=C:\Users\ADMIN\AppData\Local\Temp\joblib),
         steps=[('numerical_imputer',
                 TransformerWrapper(include=['electricity', 'car', 'meat'],
                                    transformer=SimpleImputer())),
                ('categorical_imputer',
                 TransformerWrapper(include=[],
                                    transformer=SimpleImputer(strategy='most_frequent')))]), verbose=True, use_case=MLUsecase.REGRESSION, kwargs={})
2025-04-15 01:56:54,588:INFO:Adding model into prep_pipe
2025-04-15 01:56:54,592:INFO:C:\code green\model\carbon_model.pkl saved in current working directory
2025-04-15 01:56:54,596:INFO:Pipeline(memory=Memory(location=None),
         steps=[('numerical_imputer',
                 TransformerWrapper(include=['electricity', 'car', 'meat'],
                                    transformer=SimpleImputer())),
                ('categorical_imputer',
                 TransformerWrapper(include=[],
                                    transformer=SimpleImputer(strategy='most_frequent'))),
                ('trained_model', LinearRegression(n_jobs=-1))])
2025-04-15 01:56:54,596:INFO:save_model() successfully completed......................................
2025-04-15 01:58:03,016:WARNING:
'cuml' is a soft dependency and not included in the pycaret installation. Please run: `pip install cuml` to install.
2025-04-15 01:58:03,016:WARNING:
'cuml' is a soft dependency and not included in the pycaret installation. Please run: `pip install cuml` to install.
2025-04-15 01:58:03,016:WARNING:
'cuml' is a soft dependency and not included in the pycaret installation. Please run: `pip install cuml` to install.
2025-04-15 01:58:03,016:WARNING:
'cuml' is a soft dependency and not included in the pycaret installation. Please run: `pip install cuml` to install.
2025-04-15 01:58:03,191:INFO:Initializing load_model()
2025-04-15 01:58:03,191:INFO:load_model(model_name=../model/carbon_model, platform=None, authentication=None, verbose=True)
2025-04-15 01:58:03,227:INFO:Initializing predict_model()
2025-04-15 01:58:03,227:INFO:predict_model(self=<pycaret.regression.oop.RegressionExperiment object at 0x0000021DA4EAB940>, estimator=Pipeline(memory=Memory(location=None),
         steps=[('numerical_imputer',
                 TransformerWrapper(include=['electricity', 'car', 'meat'],
                                    transformer=SimpleImputer())),
                ('categorical_imputer',
                 TransformerWrapper(include=[],
                                    transformer=SimpleImputer(strategy='most_frequent'))),
                ('trained_model', LinearRegression(n_jobs=-1))]), probability_threshold=None, encoded_labels=False, raw_score=False, round=4, verbose=True, ml_usecase=None, preprocess=True, encode_labels=<function _SupervisedExperiment.predict_model.<locals>.encode_labels at 0x0000021D930EF160>)
2025-04-15 01:58:03,227:INFO:Checking exceptions
2025-04-15 01:58:03,227:INFO:Preloading libraries
2025-04-15 01:58:03,227:INFO:Set up data.
2025-04-15 01:58:03,231:INFO:Set up index.
2025-04-15 02:02:50,942:WARNING:
'cuml' is a soft dependency and not included in the pycaret installation. Please run: `pip install cuml` to install.
2025-04-15 02:02:50,942:WARNING:
'cuml' is a soft dependency and not included in the pycaret installation. Please run: `pip install cuml` to install.
2025-04-15 02:02:50,942:WARNING:
'cuml' is a soft dependency and not included in the pycaret installation. Please run: `pip install cuml` to install.
2025-04-15 02:02:50,942:WARNING:
'cuml' is a soft dependency and not included in the pycaret installation. Please run: `pip install cuml` to install.
2025-04-15 02:02:51,085:INFO:Initializing load_model()
2025-04-15 02:02:51,085:INFO:load_model(model_name=c:\code green\model\carbon_model, platform=None, authentication=None, verbose=True)
2025-04-15 02:02:51,119:INFO:Initializing predict_model()
2025-04-15 02:02:51,120:INFO:predict_model(self=<pycaret.regression.oop.RegressionExperiment object at 0x000001638A3D15E0>, estimator=Pipeline(memory=Memory(location=None),
         steps=[('numerical_imputer',
                 TransformerWrapper(include=['electricity', 'car', 'meat'],
                                    transformer=SimpleImputer())),
                ('categorical_imputer',
                 TransformerWrapper(include=[],
                                    transformer=SimpleImputer(strategy='most_frequent'))),
                ('trained_model', LinearRegression(n_jobs=-1))]), probability_threshold=None, encoded_labels=False, raw_score=False, round=4, verbose=True, ml_usecase=None, preprocess=True, encode_labels=<function _SupervisedExperiment.predict_model.<locals>.encode_labels at 0x00000163F85EF160>)
2025-04-15 02:02:51,120:INFO:Checking exceptions
2025-04-15 02:02:51,120:INFO:Preloading libraries
2025-04-15 02:02:51,121:INFO:Set up data.
2025-04-15 02:02:51,128:INFO:Set up index.
2025-04-15 02:05:42,886:WARNING:
'cuml' is a soft dependency and not included in the pycaret installation. Please run: `pip install cuml` to install.
2025-04-15 02:05:42,886:WARNING:
'cuml' is a soft dependency and not included in the pycaret installation. Please run: `pip install cuml` to install.
2025-04-15 02:05:42,886:WARNING:
'cuml' is a soft dependency and not included in the pycaret installation. Please run: `pip install cuml` to install.
2025-04-15 02:05:42,886:WARNING:
'cuml' is a soft dependency and not included in the pycaret installation. Please run: `pip install cuml` to install.
2025-04-15 02:05:43,024:INFO:Initializing load_model()
2025-04-15 02:05:43,024:INFO:load_model(model_name=c:\code green\model\carbon_model, platform=None, authentication=None, verbose=True)
2025-04-15 02:05:43,059:INFO:Initializing predict_model()
2025-04-15 02:05:43,059:INFO:predict_model(self=<pycaret.regression.oop.RegressionExperiment object at 0x00000212291DA9D0>, estimator=Pipeline(memory=Memory(location=None),
         steps=[('numerical_imputer',
                 TransformerWrapper(include=['electricity', 'car', 'meat'],
                                    transformer=SimpleImputer())),
                ('categorical_imputer',
                 TransformerWrapper(include=[],
                                    transformer=SimpleImputer(strategy='most_frequent'))),
                ('trained_model', LinearRegression(n_jobs=-1))]), probability_threshold=None, encoded_labels=False, raw_score=False, round=4, verbose=True, ml_usecase=None, preprocess=True, encode_labels=<function _SupervisedExperiment.predict_model.<locals>.encode_labels at 0x000002121740F160>)
2025-04-15 02:05:43,059:INFO:Checking exceptions
2025-04-15 02:05:43,059:INFO:Preloading libraries
2025-04-15 02:05:43,060:INFO:Set up data.
2025-04-15 02:05:43,063:INFO:Set up index.
